\BOOKMARK [0][-]{dummy.1}{\376\377\000D\000e\000c\000l\000a\000r\000a\000t\000i\000o\000n\000\040\000o\000f\000\040\000A\000u\000t\000h\000o\000r\000s\000h\000i\000p}{}% 1
\BOOKMARK [0][-]{dummy.2}{\376\377\000A\000b\000s\000t\000r\000a\000c\000t}{}% 2
\BOOKMARK [0][-]{dummy.3}{\376\377\000A\000c\000k\000n\000o\000w\000l\000e\000d\000g\000e\000m\000e\000n\000t\000s}{}% 3
\BOOKMARK [0][-]{dummy.5}{\376\377\000L\000i\000s\000t\000\040\000o\000f\000\040\000F\000i\000g\000u\000r\000e\000s}{}% 4
\BOOKMARK [0][-]{dummy.7}{\376\377\000L\000i\000s\000t\000\040\000o\000f\000\040\000T\000a\000b\000l\000e\000s}{}% 5
\BOOKMARK [0][-]{dummy.9}{\376\377\000A\000b\000b\000r\000e\000v\000i\000a\000t\000i\000o\000n\000s}{}% 6
\BOOKMARK [0][-]{dummy.12}{\376\377\000P\000h\000y\000s\000i\000c\000a\000l\000\040\000C\000o\000n\000s\000t\000a\000n\000t\000s}{}% 7
\BOOKMARK [0][-]{dummy.15}{\376\377\000S\000y\000m\000b\000o\000l\000s}{}% 8
\BOOKMARK [0][-]{chapter.18}{\376\377\0001\000\040\000I\000n\000t\000r\000o\000d\000u\000c\000t\000i\000o\000n}{}% 9
\BOOKMARK [1][-]{section.19}{\376\377\0001\000.\0001\000\040\000D\000i\000g\000i\000t\000a\000l\000\040\000S\000y\000s\000t\000e\000m\000s\000\040\000f\000o\000r\000\040\000t\000h\000e\000\040\000M\000I\000T\000R\000A}{chapter.18}% 10
\BOOKMARK [1][-]{section.20}{\376\377\0001\000.\0002\000\040\000A\000i\000m\000s\000\040\000a\000n\000d\000\040\000o\000b\000j\000e\000c\000t\000i\000v\000e\000s}{chapter.18}% 11
\BOOKMARK [1][-]{section.21}{\376\377\0001\000.\0003\000\040\000O\000u\000t\000l\000i\000n\000e}{chapter.18}% 12
\BOOKMARK [0][-]{chapter.22}{\376\377\0002\000\040\000L\000i\000t\000e\000r\000a\000t\000u\000r\000e\000\040\000R\000e\000v\000i\000e\000w}{}% 13
\BOOKMARK [1][-]{section.23}{\376\377\0002\000.\0001\000\040\000M\000r\000.\000\040\000V\000i\000n\000a\000n\000d\000\040\000P\000r\000a\000y\000a\000g\000\040\000L\000i\000t\000.\000\040\000R\000e\000v\000.\000\040\000P\000l\000a\000n\000\040\000a\000d\000v\000i\000c\000e}{chapter.22}% 14
\BOOKMARK [1][-]{section.24}{\376\377\0002\000.\0002\000\040\000T\000e\000n\000t\000a\000t\000i\000v\000e\000\040\000l\000i\000s\000t\000i\000n\000g}{chapter.22}% 15
\BOOKMARK [0][-]{chapter.25}{\376\377\0003\000\040\000S\000y\000n\000t\000h\000e\000s\000i\000s\000\040\000I\000m\000a\000g\000i\000n\000g}{}% 16
\BOOKMARK [0][-]{chapter.26}{\376\377\0004\000\040\000D\000i\000s\000t\000r\000i\000b\000u\000t\000e\000d\000\040\000F\000X\000\040\000C\000o\000r\000r\000e\000l\000a\000t\000i\000o\000n\000\040\000-\000\040\000T\000h\000e\000\040\000D\000i\000F\000X\000\040\000s\000o\000f\000t\000w\000a\000r\000e}{}% 17
\BOOKMARK [0][-]{chapter.27}{\376\377\0005\000\040\000G\000P\000G\000P\000U\000\040\000F\000X\000\040\000C\000o\000r\000r\000e\000l\000a\000t\000i\000o\000n\000\040}{}% 18
\BOOKMARK [1][-]{section.28}{\376\377\0005\000.\0001\000\040\000T\000h\000e\000\040\000G\000P\000U}{chapter.27}% 19
\BOOKMARK [1][-]{section.29}{\376\377\0005\000.\0002\000\040\000T\000h\000e\000\040\000x\000G\000P\000U\000\040\000c\000o\000d\000e}{chapter.27}% 20
\BOOKMARK [2][-]{subsection.30}{\376\377\0005\000.\0002\000.\0001\000\040\000T\000i\000l\000e\000d\000\040\000M\000e\000m\000o\000r\000y\000\040\000T\000a\000s\000k\000i\000n\000g\000\040\000A\000l\000g\000o\000r\000i\000t\000h\000m}{section.29}% 21
\BOOKMARK [0][-]{chapter.31}{\376\377\0006\000\040\000C\000o\000n\000c\000l\000u\000s\000i\000o\000n\000s\000\040\000a\000n\000d\000\040\000f\000u\000t\000u\000r\000e\000\040\000w\000o\000r\000k\000s}{}% 22
\BOOKMARK [1][-]{section.32}{\376\377\0006\000.\0001\000\040\000C\000o\000n\000c\000l\000u\000s\000i\000o\000n\000s}{chapter.31}% 23
\BOOKMARK [1][-]{section.33}{\376\377\0006\000.\0002\000\040\000F\000u\000t\000u\000r\000e\000\040\000w\000o\000r\000k\000s}{chapter.31}% 24
\BOOKMARK [0][-]{appendix.34}{\376\377\000A\000\040\000B\000a\000c\000k\000g\000r\000o\000u\000n\000d\000,\000\040\000m\000a\000t\000h\000e\000m\000a\000t\000i\000c\000a\000l\000\040\000d\000e\000r\000i\000v\000a\000t\000i\000o\000n\000s}{}% 25
\BOOKMARK [0][-]{appendix.35}{\376\377\000B\000\040\000D\000i\000F\000X\000\040\000-\000\040\000C\000u\000s\000t\000o\000m\000\040\000d\000o\000c\000u\000m\000e\000n\000t\000a\000t\000i\000o\000n}{}% 26
\BOOKMARK [1][-]{section.36}{\376\377\000B\000.\0001\000\040\000D\000i\000F\000X\000\040\000-\000\040\000P\000r\000e\000l\000i\000m\000i\000n\000a\000r\000y\000\040\000s\000e\000t\000u\000p}{appendix.35}% 27
\BOOKMARK [0][-]{appendix.49}{\376\377\000C\000\040\000T\000h\000e\000\040\000G\000i\000t\000\040\000r\000e\000p\000o\000s\000i\000t\000o\000r\000y}{}% 28
\BOOKMARK [0][-]{appendix.50}{\376\377\000D\000\040\000P\000r\000o\000g\000r\000e\000s\000s\000\040\000L\000o\000g}{}% 29
\BOOKMARK [0][-]{dummy.51}{\376\377\000B\000i\000b\000l\000i\000o\000g\000r\000a\000p\000h\000y}{}% 30
