mktextfm ecrm1095
mktextfm ptmr8t
mktextfm ptmr8t
mktextfm ptmb8t
mktextfm nullfont
mktextfm ptmr8t
mktextfm ptmb8t
mktextfm nullfont
mktextfm ptmr8t
mktextfm ptmb8t
mktextfm nullfont
mktextfm ptmrc8t
mktextfm ptmrc8t
mktextfm ptmrc8t
mktextfm ptmr8t
mktextfm rsfs5
mktextfm rsfs5
mktextfm ptmri8t
mktextfm ptmri8t
mktextfm ptmb8t
mktextfm nullfont
mktextfm ptmr8t
mktextfm ptmb8t
mktextfm nullfont
mktextfm rsfs10
mktextfm rsfs10
mktextfm ptmro8t
mktextfm ptmr8t
mktextfm ptmrc8t
mktextfm rsfs10
mktextfm rsfs7
mktextfm ptmr8t
mktextfm ptmr8t
mktextfm rsfs10
mktextfm pcrr8t
mktextfm ecrm1095
mktextfm ptmr8t
mktextfm ptmr8t
mktextfm ptmb8t
mktextfm nullfont
mktextfm ptmr8t
mktextfm ptmb8t
mktextfm nullfont
mktextfm ptmr8t
mktextfm ptmb8t
mktextfm nullfont
mktextfm ptmrc8t
mktextfm ptmrc8t
mktextfm ptmrc8t
mktextfm ptmr8t
mktextfm rsfs5
mktextfm rsfs5
mktextfm ptmri8t
mktextfm ptmri8t
mktextfm ptmb8t
mktextfm nullfont
mktextfm ptmr8t
mktextfm ptmb8t
mktextfm nullfont
mktextfm rsfs10
mktextfm rsfs10
mktextfm ptmro8t
mktextfm ptmr8t
mktextfm ptmrc8t
mktextfm rsfs10
mktextfm rsfs7
mktextfm ptmr8t
mktextfm ptmb8t
mktextfm nullfont
mktextfm ptmr8t
mktextfm rsfs10
mktextfm pcrr8t
mktextfm ecrm1095
mktextfm ptmr8t
mktextfm ptmr8t
mktextfm ptmb8t
mktextfm nullfont
mktextfm ptmr8t
mktextfm ptmb8t
mktextfm nullfont
mktextfm ptmr8t
mktextfm ptmb8t
mktextfm nullfont
mktextfm ptmrc8t
mktextfm ptmrc8t
mktextfm ptmrc8t
mktextfm ptmr8t
mktextfm rsfs5
mktextfm rsfs5
mktextfm ptmri8t
mktextfm ptmri8t
mktextfm ptmb8t
mktextfm nullfont
mktextfm ptmr8t
mktextfm ptmb8t
mktextfm nullfont
mktextfm rsfs10
mktextfm rsfs10
mktextfm ptmro8t
mktextfm ptmr8t
mktextfm ptmrc8t
mktextfm rsfs10
mktextfm rsfs7
mktextfm ptmr8t
mktextfm ptmb8t
mktextfm nullfont
mktextfm ptmr8t
mktextfm rsfs10
mktextfm pcrr8t
mktextfm ecrm1095
mktextfm ptmr8t
mktextfm ptmr8t
mktextfm ptmb8t
mktextfm nullfont
mktextfm ptmr8t
mktextfm ptmb8t
mktextfm nullfont
mktextfm ptmr8t
mktextfm ptmb8t
mktextfm nullfont
mktextfm ptmrc8t
mktextfm ptmrc8t
mktextfm ptmrc8t
mktextfm ptmr8t
mktextfm rsfs5
mktextfm rsfs5
mktextfm ptmri8t
mktextfm ptmri8t
mktextfm ptmb8t
mktextfm nullfont
mktextfm ptmr8t
mktextfm ptmb8t
mktextfm nullfont
mktextfm rsfs10
mktextfm rsfs10
mktextfm ptmro8t
mktextfm ptmr8t
mktextfm ptmrc8t
mktextfm rsfs10
mktextfm rsfs7
mktextfm ptmr8t
mktextfm ptmb8t
mktextfm nullfont
mktextfm ptmr8t
mktextfm rsfs10
mktextfm pcrr8t
