\BOOKMARK [0][-]{dummy.1}{\376\377\000D\000e\000c\000l\000a\000r\000a\000t\000i\000o\000n\000\040\000o\000f\000\040\000A\000u\000t\000h\000o\000r\000s\000h\000i\000p}{}% 1
\BOOKMARK [0][-]{dummy.2}{\376\377\000A\000b\000s\000t\000r\000a\000c\000t}{}% 2
\BOOKMARK [0][-]{dummy.3}{\376\377\000A\000c\000k\000n\000o\000w\000l\000e\000d\000g\000e\000m\000e\000n\000t\000s}{}% 3
\BOOKMARK [0][-]{dummy.5}{\376\377\000L\000i\000s\000t\000\040\000o\000f\000\040\000F\000i\000g\000u\000r\000e\000s}{}% 4
\BOOKMARK [0][-]{dummy.7}{\376\377\000L\000i\000s\000t\000\040\000o\000f\000\040\000T\000a\000b\000l\000e\000s}{}% 5
\BOOKMARK [0][-]{dummy.9}{\376\377\000A\000b\000b\000r\000e\000v\000i\000a\000t\000i\000o\000n\000s}{}% 6
\BOOKMARK [0][-]{dummy.12}{\376\377\000P\000h\000y\000s\000i\000c\000a\000l\000\040\000C\000o\000n\000s\000t\000a\000n\000t\000s}{}% 7
\BOOKMARK [0][-]{dummy.15}{\376\377\000S\000y\000m\000b\000o\000l\000s}{}% 8
\BOOKMARK [0][-]{chapter.18}{\376\377\0001\000\040\000I\000n\000t\000r\000o\000d\000u\000c\000t\000i\000o\000n}{}% 9
\BOOKMARK [1][-]{section.19}{\376\377\0001\000.\0001\000\040\000A\000b\000o\000u\000t\000\040\000t\000h\000e\000\040\000r\000e\000p\000o\000r\000t}{chapter.18}% 10
\BOOKMARK [1][-]{section.20}{\376\377\0001\000.\0002\000\040\000T\000h\000e\000\040\000p\000i\000o\000n\000e\000e\000r\000s}{chapter.18}% 11
\BOOKMARK [1][-]{section.25}{\376\377\0001\000.\0003\000\040\000I\000n\000t\000r\000o\000d\000u\000c\000t\000o\000r\000y\000\040\000b\000a\000s\000i\000c\000\040\000c\000o\000n\000c\000e\000p\000t\000s}{chapter.18}% 12
\BOOKMARK [2][-]{subsection.26}{\376\377\0001\000.\0003\000.\0001\000\040\000I\000m\000a\000g\000i\000n\000g\000\040\000b\000y\000\040\000I\000n\000t\000e\000r\000f\000e\000r\000o\000m\000e\000t\000r\000y\000\040\000i\000n\000\040\000R\000.\000A\000.}{section.25}% 13
\BOOKMARK [2][-]{subsection.29}{\376\377\0001\000.\0003\000.\0002\000\040\000W\000h\000y\000\040\000a\000r\000e\000\040\000r\000a\000d\000i\000o\000\040\000i\000n\000t\000e\000r\000f\000e\000r\000o\000m\000e\000t\000e\000r\000s\000\040\000u\000s\000e\000d\000?}{section.25}% 14
\BOOKMARK [2][-]{subsection.34}{\376\377\0001\000.\0003\000.\0003\000\040\000T\000h\000e\000\040\000p\000r\000i\000n\000c\000i\000p\000l\000e\000\040\000o\000f\000\040\000a\000\040\000r\000a\000d\000i\000o\000\040\000I\000n\000t\000e\000r\000f\000e\000r\000o\000m\000e\000t\000e\000r}{section.25}% 15
\BOOKMARK [2][-]{subsection.38}{\376\377\0001\000.\0003\000.\0004\000\040\000A\000\040\000f\000r\000e\000e\000\040\000c\000o\000o\000r\000d\000i\000n\000a\000t\000e\000\040\000s\000y\000s\000t\000e\000m}{section.25}% 16
\BOOKMARK [2][-]{subsection.51}{\376\377\0001\000.\0003\000.\0005\000\040\000V\000i\000s\000i\000b\000i\000l\000i\000t\000y\000\040\040\023\000\040\000S\000k\000y\000\040\000i\000n\000t\000e\000n\000s\000i\000t\000y\000\040\000d\000i\000s\000t\000r\000i\000b\000u\000t\000i\000o\000n\000\040\000r\000e\000l\000a\000t\000i\000o\000n\000s\000h\000i\000p}{section.25}% 17
\BOOKMARK [0][-]{chapter.56}{\376\377\0002\000\040\000L\000i\000t\000e\000r\000a\000t\000u\000r\000e\000\040\000R\000e\000v\000i\000e\000w}{}% 18
\BOOKMARK [0][-]{chapter.57}{\376\377\0003\000\040\000D\000i\000s\000t\000r\000i\000b\000u\000t\000e\000d\000\040\000F\000X\000\040\000C\000o\000r\000r\000e\000l\000a\000t\000i\000o\000n}{}% 19
\BOOKMARK [0][-]{chapter.58}{\376\377\0004\000\040\000T\000i\000l\000e\000d\000\040\000M\000e\000m\000o\000r\000y\000\040\000T\000a\000s\000k\000i\000n\000g\000\040\000A\000l\000g\000o\000r\000i\000t\000h\000m}{}% 20
\BOOKMARK [0][-]{chapter.59}{\376\377\0005\000\040\000C\000o\000n\000c\000l\000u\000s\000i\000o\000n\000s\000,\000\040\000a\000n\000d\000\040\000f\000u\000t\000u\000r\000e\000\040\000d\000e\000v\000e\000l\000o\000p\000m\000e\000n\000t\000s}{}% 21
\BOOKMARK [0][-]{appendix.60}{\376\377\000A\000\040\000A\000p\000p\000e\000n\000d\000i\000x\000\040\000T\000i\000t\000l\000e\000\040\000H\000e\000r\000e}{}% 22
\BOOKMARK [0][-]{dummy.61}{\376\377\000B\000i\000b\000l\000i\000o\000g\000r\000a\000p\000h\000y}{}% 23
