\BOOKMARK [0][-]{dummy.1}{\376\377\000D\000e\000c\000l\000a\000r\000a\000t\000i\000o\000n\000\040\000o\000f\000\040\000A\000u\000t\000h\000o\000r\000s\000h\000i\000p}{}% 1
\BOOKMARK [0][-]{dummy.2}{\376\377\000A\000b\000s\000t\000r\000a\000c\000t}{}% 2
\BOOKMARK [0][-]{dummy.3}{\376\377\000A\000c\000k\000n\000o\000w\000l\000e\000d\000g\000e\000m\000e\000n\000t\000s}{}% 3
\BOOKMARK [0][-]{dummy.5}{\376\377\000L\000i\000s\000t\000\040\000o\000f\000\040\000F\000i\000g\000u\000r\000e\000s}{}% 4
\BOOKMARK [0][-]{dummy.7}{\376\377\000L\000i\000s\000t\000\040\000o\000f\000\040\000T\000a\000b\000l\000e\000s}{}% 5
\BOOKMARK [0][-]{dummy.9}{\376\377\000A\000b\000b\000r\000e\000v\000i\000a\000t\000i\000o\000n\000s}{}% 6
\BOOKMARK [0][-]{dummy.12}{\376\377\000P\000h\000y\000s\000i\000c\000a\000l\000\040\000C\000o\000n\000s\000t\000a\000n\000t\000s}{}% 7
\BOOKMARK [0][-]{dummy.15}{\376\377\000S\000y\000m\000b\000o\000l\000s}{}% 8
\BOOKMARK [0][-]{chapter.18}{\376\377\0001\000\040\000I\000n\000t\000r\000o\000d\000u\000c\000t\000i\000o\000n}{}% 9
\BOOKMARK [1][-]{section.19}{\376\377\0001\000.\0001\000\040\000A\000b\000o\000u\000t\000\040\000t\000h\000e\000\040\000r\000e\000p\000o\000r\000t}{chapter.18}% 10
\BOOKMARK [1][-]{section.20}{\376\377\0001\000.\0002\000\040\000T\000h\000e\000\040\000p\000i\000o\000n\000e\000e\000r\000s}{chapter.18}% 11
\BOOKMARK [1][-]{section.25}{\376\377\0001\000.\0003\000\040\000I\000n\000t\000r\000o\000d\000u\000c\000t\000o\000r\000y\000\040\000b\000a\000s\000i\000c\000\040\000c\000o\000n\000c\000e\000p\000t\000s}{chapter.18}% 12
\BOOKMARK [2][-]{subsection.26}{\376\377\0001\000.\0003\000.\0001\000\040\000I\000m\000a\000g\000i\000n\000g\000\040\000b\000y\000\040\000I\000n\000t\000e\000r\000f\000e\000r\000o\000m\000e\000t\000r\000y\000\040\000i\000n\000\040\000R\000.\000A\000.}{section.25}% 13
\BOOKMARK [2][-]{subsection.29}{\376\377\0001\000.\0003\000.\0002\000\040\000W\000h\000y\000\040\000a\000r\000e\000\040\000r\000a\000d\000i\000o\000\040\000i\000n\000t\000e\000r\000f\000e\000r\000o\000m\000e\000t\000e\000r\000s\000\040\000u\000s\000e\000d\000?}{section.25}% 14
\BOOKMARK [2][-]{subsection.34}{\376\377\0001\000.\0003\000.\0003\000\040\000T\000h\000e\000\040\000p\000r\000i\000n\000c\000i\000p\000l\000e\000\040\000o\000f\000\040\000a\000\040\000r\000a\000d\000i\000o\000\040\000I\000n\000t\000e\000r\000f\000e\000r\000o\000m\000e\000t\000e\000r}{section.25}% 15
\BOOKMARK [2][-]{subsection.38}{\376\377\0001\000.\0003\000.\0004\000\040\000A\000\040\000f\000r\000e\000e\000\040\000c\000o\000o\000r\000d\000i\000n\000a\000t\000e\000\040\000s\000y\000s\000t\000e\000m}{section.25}% 16
\BOOKMARK [2][-]{subsection.51}{\376\377\0001\000.\0003\000.\0005\000\040\000V\000i\000s\000i\000b\000i\000l\000i\000t\000y\000\040\040\023\000\040\000S\000k\000y\000\040\000i\000n\000t\000e\000n\000s\000i\000t\000y\000\040\000d\000i\000s\000t\000r\000i\000b\000u\000t\000i\000o\000n\000\040\000r\000e\000l\000a\000t\000i\000o\000n\000s\000h\000i\000p}{section.25}% 17
\BOOKMARK [0][-]{chapter.56}{\376\377\0002\000\040\000L\000i\000t\000e\000r\000a\000t\000u\000r\000e\000\040\000R\000e\000v\000i\000e\000w}{}% 18
\BOOKMARK [0][-]{chapter.57}{\376\377\0003\000\040\000C\000r\000o\000s\000s\000-\000c\000o\000r\000r\000e\000l\000a\000t\000i\000o\000n}{}% 19
\BOOKMARK [1][-]{section.58}{\376\377\0003\000.\0001\000\040\000T\000h\000e\000\040\000c\000o\000r\000r\000e\000l\000a\000t\000o\000r}{chapter.57}% 20
\BOOKMARK [1][-]{section.63}{\376\377\0003\000.\0002\000\040\000C\000r\000o\000s\000s\000-\000c\000o\000r\000r\000e\000l\000a\000t\000i\000o\000n}{chapter.57}% 21
\BOOKMARK [0][-]{chapter.71}{\376\377\0004\000\040\000I\000m\000a\000g\000e\000\040\000R\000e\000c\000o\000n\000s\000t\000r\000u\000c\000t\000i\000o\000n}{}% 22
\BOOKMARK [1][-]{section.72}{\376\377\0004\000.\0001\000\040\000T\000h\000e\000\040\000V\000a\000n\000\040\000C\000i\000t\000t\000e\000r\000t\000-\000Z\000e\000r\000n\000i\000k\000e\000\040\000t\000h\000e\000o\000r\000e\000m}{chapter.71}% 23
\BOOKMARK [1][-]{section.79}{\376\377\0004\000.\0002\000\040\000S\000a\000m\000p\000l\000i\000n\000g\000\040\000o\000f\000\040\000t\000h\000e\000\040\000v\000i\000s\000i\000b\000i\000l\000i\000t\000y}{chapter.71}% 24
\BOOKMARK [2][-]{subsection.81}{\376\377\0004\000.\0002\000.\0001\000\040\000S\000a\000m\000p\000l\000i\000n\000g\000\040\000T\000h\000e\000o\000r\000e\000m}{section.79}% 25
\BOOKMARK [2][-]{subsection.95}{\376\377\0004\000.\0002\000.\0002\000\040\000A\000r\000r\000a\000y\000\040\000c\000o\000n\000f\000i\000g\000u\000r\000a\000t\000i\000o\000n\000\040\000c\000o\000n\000s\000i\000d\000e\000r\000a\000t\000i\000o\000n}{section.79}% 26
\BOOKMARK [3][-]{subsubsection.97}{\376\377\0004\000.\0002\000.\0002\000.\0001\000\040\000S\000p\000a\000t\000i\000a\000l\000\040\000S\000e\000n\000s\000i\000t\000i\000v\000i\000t\000y\000\040\000a\000n\000d\000\040\000t\000h\000e\000\040\000S\000p\000a\000t\000i\000a\000l\000\040\000T\000r\000a\000n\000s\000f\000e\000r\000\040\000f\000u\000n\000c\000t\000i\000o\000n}{subsection.95}% 27
\BOOKMARK [1][-]{section.104}{\376\377\0004\000.\0003\000\040\000D\000a\000t\000a\000\040\000c\000a\000l\000i\000b\000r\000a\000t\000i\000o\000n}{chapter.71}% 28
\BOOKMARK [2][-]{subsection.105}{\376\377\0004\000.\0003\000.\0001\000\040\000C\000a\000l\000i\000b\000r\000a\000t\000i\000o\000n\000\040\000u\000s\000i\000n\000g\000\040\000c\000a\000l\000i\000b\000r\000a\000t\000i\000o\000n\000\040\000s\000o\000u\000r\000c\000e\000s}{section.104}% 29
\BOOKMARK [1][-]{section.110}{\376\377\0004\000.\0004\000\040\000I\000m\000a\000g\000e\000\040\000R\000e\000c\000o\000n\000s\000t\000r\000u\000c\000t\000i\000o\000n}{chapter.71}% 30
\BOOKMARK [2][-]{subsection.115}{\376\377\0004\000.\0004\000.\0001\000\040\000W\000e\000i\000g\000h\000t\000i\000n\000g\000\040\000o\000f\000\040\000t\000h\000e\000\040\000v\000i\000s\000i\000b\000i\000l\000i\000t\000y}{section.110}% 31
\BOOKMARK [2][-]{subsection.119}{\376\377\0004\000.\0004\000.\0002\000\040\000M\000a\000p\000p\000i\000n\000g\000\040\000b\000y\000\040\000D\000i\000s\000c\000r\000e\000t\000e\000\040\000F\000o\000u\000r\000i\000e\000r\000\040\000t\000r\000a\000n\000s\000f\000o\000r\000m}{section.110}% 32
\BOOKMARK [0][-]{chapter.124}{\376\377\0005\000\040\000I\000m\000a\000g\000e\000\040\000P\000r\000o\000c\000e\000s\000s\000i\000n\000g}{}% 33
\BOOKMARK [1][-]{section.126}{\376\377\0005\000.\0001\000\040\000I\000n\000t\000r\000o\000d\000u\000c\000t\000i\000o\000n\000\040\000-\000\040\000I\000m\000a\000g\000e\000\040\000P\000r\000o\000c\000e\000s\000s\000i\000n\000g}{chapter.124}% 34
\BOOKMARK [1][-]{section.129}{\376\377\0005\000.\0002\000\040\000D\000e\000c\000o\000n\000v\000o\000l\000u\000t\000i\000o\000n\000\040\000P\000r\000o\000c\000e\000d\000u\000r\000e\000s}{chapter.124}% 35
\BOOKMARK [2][-]{subsection.130}{\376\377\0005\000.\0002\000.\0001\000\040\000T\000h\000e\000\040\000C\000L\000E\000A\000N\000\040\000a\000l\000g\000o\000r\000i\000t\000h\000m}{section.129}% 36
\BOOKMARK [2][-]{subsection.132}{\376\377\0005\000.\0002\000.\0002\000\040\000P\000e\000r\000f\000o\000r\000m\000a\000n\000c\000e\000\040\000o\000f\000\040\000t\000h\000e\000\040\000C\000L\000E\000A\000N\000\040\000a\000l\000g\000o\000r\000i\000t\000h\000m}{section.129}% 37
\BOOKMARK [0][-]{chapter.136}{\376\377\0006\000\040\000C\000o\000n\000c\000l\000u\000s\000i\000o\000n\000s\000\040\000o\000n\000\040\000t\000h\000e\000\040\000r\000e\000p\000o\000r\000t}{}% 38
\BOOKMARK [0][-]{appendix.137}{\376\377\000A\000\040\000A\000p\000p\000e\000n\000d\000i\000x\000\040\000T\000i\000t\000l\000e\000\040\000H\000e\000r\000e}{}% 39
\BOOKMARK [0][-]{dummy.138}{\376\377\000B\000i\000b\000l\000i\000o\000g\000r\000a\000p\000h\000y}{}% 40
